<?xml version="1.0" encoding="UTF-8"?>
<testsuite name="com.github.sdaniel.TimeSheetDaoTest" tests="1" skipped="0" failures="0" errors="0" timestamp="2021-04-26T05:23:49" hostname="Shanes-MBP" time="0.09">
  <properties/>
  <testcase name="getAllTest()" classname="com.github.sdaniel.TimeSheetDaoTest" time="0.09"/>
  <system-out><![CDATA[]]></system-out>
  <system-err><![CDATA[]]></system-err>
</testsuite>
