<?xml version="1.0" encoding="UTF-8"?>
<testsuite name="com.github.sdaniel.LibraryTest" tests="1" skipped="0" failures="0" errors="0" timestamp="2021-04-25T19:06:17" hostname="Shanes-MBP" time="0.018">
  <properties/>
  <testcase name="testSomeLibraryMethod()" classname="com.github.sdaniel.LibraryTest" time="0.018"/>
  <system-out><![CDATA[]]></system-out>
  <system-err><![CDATA[]]></system-err>
</testsuite>
